documentscanner/build/intermediates/manifest_merge_blame_file/release/manifest-merger-blame-release-report.txt
1<?xml version="1.0" encoding="utf-8"?>
2<manifest xmlns:android="http://schemas.android.com/apk/res/android"
3    xmlns:tools="http://schemas.android.com/tools"
4    package="com.labters.documentscanner"
5    android:versionCode="6"
6    android:versionName="1.5.2" >
7
8    <uses-sdk
9        android:minSdkVersion="21"
9-->src\main\AndroidManifest.xml
10        android:targetSdkVersion="29" />
10-->src\main\AndroidManifest.xml
11
12    <uses-permission android:name="android.permission.READ_EXTERNAL_STORAGE" />
12-->src\main\AndroidManifest.xml:6:5-80
12-->src\main\AndroidManifest.xml:6:22-77
13    <uses-permission android:name="android.permission.WRITE_EXTERNAL_STORAGE" />
13-->src\main\AndroidManifest.xml:7:5-81
13-->src\main\AndroidManifest.xml:7:22-78
14
15    <application
15-->src\main\AndroidManifest.xml:9:5-17:19
16        android:allowBackup="true"
16-->src\main\AndroidManifest.xml:10:9-35
17        android:label="@string/app_name"
17-->src\main\AndroidManifest.xml:11:9-41
18        tools:ignore="GoogleAppIndexingWarning" >
18-->src\main\AndroidManifest.xml:12:9-48
19        <activity android:name="com.labters.documentscanner.ApplyFilters" />
19-->src\main\AndroidManifest.xml:13:9-59
19-->src\main\AndroidManifest.xml:13:19-47
20        <activity
20-->src\main\AndroidManifest.xml:14:9-16:72
21            android:name="com.labters.documentscanner.ImageCropActivity"
21-->src\main\AndroidManifest.xml:15:13-46
22            android:theme="@style/Theme.AppCompat.Light.NoActionBar" />
22-->src\main\AndroidManifest.xml:16:13-69
23    </application>
24
25</manifest>